<?xml version="1.0" encoding="UTF-8"?>
<!-- Generated by org.testng.reporters.JUnitXMLReporter -->
<testsuite hostname="DESKTOP-LDPFVSQ" failures="0" tests="1" name="Test" time="49.337" errors="0" timestamp="10 Mar 2026 11:13:46 GMT">
  <testcase classname="example.NewTest" name="@BeforeTest beforeTest" time="0.0">
    <failure type="org.openqa.selenium.WebDriverException" message="Failed to connect to binary FirefoxBinary(C:\Program Files (x86)\Mozilla Firefox\firefox.exe) on port 7055; process output follows: 
fter return statement
JavaScript warning: https://www.google.com/js/th/iVFoLhkJxhTbgXp7MGz6Uw8IeYsKvIgztj8Nn2RZZN8.js line 2 &amp;gt; eval, line 6462: unreachable code after return statement
JavaScript warning: https://www.google.com/js/th/iVFoLhkJxhTbgXp7MGz6Uw8IeYsKvIgztj8Nn2RZZN8.js line 2 &amp;gt; eval, line 6462: unreachable code after return statement
JavaScript warning: https://www.google.com/js/th/iVFoLhkJxhTbgXp7MGz6Uw8IeYsKvIgztj8Nn2RZZN8.js line 2 &amp;gt; eval, line 1: unreachable code after return statement
JavaScript warning: https://www.google.com/js/th/iVFoLhkJxhTbgXp7MGz6Uw8IeYsKvIgztj8Nn2RZZN8.js line 2 &amp;gt; eval line 6462 &amp;gt; eval, line 1: unreachable code after return statement
JavaScript warning: https://www.google.com/js/th/iVFoLhkJxhTbgXp7MGz6Uw8IeYsKvIgztj8Nn2RZZN8.js line 2 &amp;gt; eval line 6462 &amp;gt; eval, line 1: unreachable code after return statement
JavaScript warning: https://www.google.com/js/th/iVFoLhkJxhTbgXp7MGz6Uw8IeYsKvIgztj8Nn2RZZN8.js line 2 &amp;gt; eval line 6462 &amp;gt; eval line 1 &amp;gt; eval, line 1: unreachable code after return statement
JavaScript warning: https://www.google.com/js/th/iVFoLhkJxhTbgXp7MGz6Uw8IeYsKvIgztj8Nn2RZZN8.js line 2 &amp;gt; eval line 6462 &amp;gt; eval, line 1: unreachable code after return statement
JavaScript warning: https://www.google.com/js/th/iVFoLhkJxhTbgXp7MGz6Uw8IeYsKvIgztj8Nn2RZZN8.js line 2 &amp;gt; eval line 6462 &amp;gt; eval line 1 &amp;gt; eval, line 1: unreachable code after return statement
JavaScript warning: https://www.google.com/js/th/iVFoLhkJxhTbgXp7MGz6Uw8IeYsKvIgztj8Nn2RZZN8.js line 2 &amp;gt; eval line 6462 &amp;gt; eval, line 1: unreachable code after return statement
JavaScript warning: https://www.google.com/js/th/iVFoLhkJxhTbgXp7MGz6Uw8IeYsKvIgztj8Nn2RZZN8.js line 2 &amp;gt; eval line 6462 &amp;gt; eval line 1 &amp;gt; eval, line 1: unreachable code after return statement
JavaScript warning: https://www.google.com/js/th/iVFoLhkJxhTbgXp7MGz6Uw8IeYsKvIgztj8Nn2RZZN8.js line 2 &amp;gt; eval, line 6462: unreachable code after return statement
JavaScript warning: https://www.google.com/js/th/iVFoLhkJxhTbgXp7MGz6Uw8IeYsKvIgztj8Nn2RZZN8.js line 2 &amp;gt; eval, line 6462: unreachable code after return statement
JavaScript warning: https://www.google.com/js/th/iVFoLhkJxhTbgXp7MGz6Uw8IeYsKvIgztj8Nn2RZZN8.js line 2 &amp;gt; eval line 6462 &amp;gt; eval line 1 &amp;gt; eval, line 1: unreachable code after return statement
JavaScript warning: https://www.google.com/js/th/iVFoLhkJxhTbgXp7MGz6Uw8IeYsKvIgztj8Nn2RZZN8.js line 2 &amp;gt; eval line 6462 &amp;gt; eval line 1 &amp;gt; eval, line 1: unreachable code after return statement
JavaScript warning: https://www.google.com/js/th/iVFoLhkJxhTbgXp7MGz6Uw8IeYsKvIgztj8Nn2RZZN8.js line 2 &amp;gt; eval line 6462 &amp;gt; eval line 1 &amp;gt; eval, line 1: unreachable code after return statement
JavaScript warning: https://www.google.com/js/th/iVFoLhkJxhTbgXp7MGz6Uw8IeYsKvIgztj8Nn2RZZN8.js line 2 &amp;gt; eval line 6462 &amp;gt; eval line 1 &amp;gt; eval, line 1: unreachable code after return statement
JavaScript warning: https://www.google.com/js/th/iVFoLhkJxhTbgXp7MGz6Uw8IeYsKvIgztj8Nn2RZZN8.js line 2 &amp;gt; eval line 6462 &amp;gt; eval line 1 &amp;gt; eval, line 1: unreachable code after return statement
JavaScript warning: https://www.google.com/js/th/iVFoLhkJxhTbgXp7MGz6Uw8IeYsKvIgztj8Nn2RZZN8.js line 2 &amp;gt; eval line 6462 &amp;gt; eval line 1 &amp;gt; eval line 1 &amp;gt; eval, line 1: unreachable code after return statement
JavaScript warning: https://www.google.com/js/th/iVFoLhkJxhTbgXp7MGz6Uw8IeYsKvIgztj8Nn2RZZN8.js line 2 &amp;gt; eval line 6462 &amp;gt; eval line 1 &amp;gt; eval line 1 &amp;gt; eval, line 1: unreachable code after return statement
JavaScript warning: https://www.google.com/js/th/iVFoLhkJxhTbgXp7MGz6Uw8IeYsKvIgztj8Nn2RZZN8.js line 2 &amp;gt; eval line 6462 &amp;gt; eval line 1 &amp;gt; eval line 1 &amp;gt; eval, line 1: unreachable code after return statement
JavaScript warning: https://www.google.com/js/th/iVFoLhkJxhTbgXp7MGz6Uw8IeYsKvIgztj8Nn2RZZN8.js line 2 &amp;gt; eval line 6462 &amp;gt; eval line 1 &amp;gt; eval line 1 &amp;gt; eval, line 1: unreachable code after return statement
JavaScript warning: https://www.google.com/js/th/iVFoLhkJxhTbgXp7MGz6Uw8IeYsKvIgztj8Nn2RZZN8.js line 2 &amp;gt; eval line 6462 &amp;gt; eval line 1 &amp;gt; eval line 1 &amp;gt; eval, line 1: unreachable code after return statement

Build info: version: &amp;apos;2.45.0&amp;apos;, revision: &amp;apos;5017cb8e7ca8e37638dc3091b2440b90a1d8686f&amp;apos;, time: &amp;apos;2015-02-27 09:10:26&amp;apos;
System info: host: &amp;apos;DESKTOP-LDPFVSQ&amp;apos;, ip: &amp;apos;192.168.100.5&amp;apos;, os.name: &amp;apos;Windows 10&amp;apos;, os.arch: &amp;apos;amd64&amp;apos;, os.version: &amp;apos;10.0&amp;apos;, java.version: &amp;apos;19.0.1&amp;apos;
Driver info: driver.version: FirefoxDriver">
      <![CDATA[org.openqa.selenium.WebDriverException: Failed to connect to binary FirefoxBinary(C:\Program Files (x86)\Mozilla Firefox\firefox.exe) on port 7055; process output follows: 
fter return statement
JavaScript warning: https://www.google.com/js/th/iVFoLhkJxhTbgXp7MGz6Uw8IeYsKvIgztj8Nn2RZZN8.js line 2 > eval, line 6462: unreachable code after return statement
JavaScript warning: https://www.google.com/js/th/iVFoLhkJxhTbgXp7MGz6Uw8IeYsKvIgztj8Nn2RZZN8.js line 2 > eval, line 6462: unreachable code after return statement
JavaScript warning: https://www.google.com/js/th/iVFoLhkJxhTbgXp7MGz6Uw8IeYsKvIgztj8Nn2RZZN8.js line 2 > eval, line 1: unreachable code after return statement
JavaScript warning: https://www.google.com/js/th/iVFoLhkJxhTbgXp7MGz6Uw8IeYsKvIgztj8Nn2RZZN8.js line 2 > eval line 6462 > eval, line 1: unreachable code after return statement
JavaScript warning: https://www.google.com/js/th/iVFoLhkJxhTbgXp7MGz6Uw8IeYsKvIgztj8Nn2RZZN8.js line 2 > eval line 6462 > eval, line 1: unreachable code after return statement
JavaScript warning: https://www.google.com/js/th/iVFoLhkJxhTbgXp7MGz6Uw8IeYsKvIgztj8Nn2RZZN8.js line 2 > eval line 6462 > eval line 1 > eval, line 1: unreachable code after return statement
JavaScript warning: https://www.google.com/js/th/iVFoLhkJxhTbgXp7MGz6Uw8IeYsKvIgztj8Nn2RZZN8.js line 2 > eval line 6462 > eval, line 1: unreachable code after return statement
JavaScript warning: https://www.google.com/js/th/iVFoLhkJxhTbgXp7MGz6Uw8IeYsKvIgztj8Nn2RZZN8.js line 2 > eval line 6462 > eval line 1 > eval, line 1: unreachable code after return statement
JavaScript warning: https://www.google.com/js/th/iVFoLhkJxhTbgXp7MGz6Uw8IeYsKvIgztj8Nn2RZZN8.js line 2 > eval line 6462 > eval, line 1: unreachable code after return statement
JavaScript warning: https://www.google.com/js/th/iVFoLhkJxhTbgXp7MGz6Uw8IeYsKvIgztj8Nn2RZZN8.js line 2 > eval line 6462 > eval line 1 > eval, line 1: unreachable code after return statement
JavaScript warning: https://www.google.com/js/th/iVFoLhkJxhTbgXp7MGz6Uw8IeYsKvIgztj8Nn2RZZN8.js line 2 > eval, line 6462: unreachable code after return statement
JavaScript warning: https://www.google.com/js/th/iVFoLhkJxhTbgXp7MGz6Uw8IeYsKvIgztj8Nn2RZZN8.js line 2 > eval, line 6462: unreachable code after return statement
JavaScript warning: https://www.google.com/js/th/iVFoLhkJxhTbgXp7MGz6Uw8IeYsKvIgztj8Nn2RZZN8.js line 2 > eval line 6462 > eval line 1 > eval, line 1: unreachable code after return statement
JavaScript warning: https://www.google.com/js/th/iVFoLhkJxhTbgXp7MGz6Uw8IeYsKvIgztj8Nn2RZZN8.js line 2 > eval line 6462 > eval line 1 > eval, line 1: unreachable code after return statement
JavaScript warning: https://www.google.com/js/th/iVFoLhkJxhTbgXp7MGz6Uw8IeYsKvIgztj8Nn2RZZN8.js line 2 > eval line 6462 > eval line 1 > eval, line 1: unreachable code after return statement
JavaScript warning: https://www.google.com/js/th/iVFoLhkJxhTbgXp7MGz6Uw8IeYsKvIgztj8Nn2RZZN8.js line 2 > eval line 6462 > eval line 1 > eval, line 1: unreachable code after return statement
JavaScript warning: https://www.google.com/js/th/iVFoLhkJxhTbgXp7MGz6Uw8IeYsKvIgztj8Nn2RZZN8.js line 2 > eval line 6462 > eval line 1 > eval, line 1: unreachable code after return statement
JavaScript warning: https://www.google.com/js/th/iVFoLhkJxhTbgXp7MGz6Uw8IeYsKvIgztj8Nn2RZZN8.js line 2 > eval line 6462 > eval line 1 > eval line 1 > eval, line 1: unreachable code after return statement
JavaScript warning: https://www.google.com/js/th/iVFoLhkJxhTbgXp7MGz6Uw8IeYsKvIgztj8Nn2RZZN8.js line 2 > eval line 6462 > eval line 1 > eval line 1 > eval, line 1: unreachable code after return statement
JavaScript warning: https://www.google.com/js/th/iVFoLhkJxhTbgXp7MGz6Uw8IeYsKvIgztj8Nn2RZZN8.js line 2 > eval line 6462 > eval line 1 > eval line 1 > eval, line 1: unreachable code after return statement
JavaScript warning: https://www.google.com/js/th/iVFoLhkJxhTbgXp7MGz6Uw8IeYsKvIgztj8Nn2RZZN8.js line 2 > eval line 6462 > eval line 1 > eval line 1 > eval, line 1: unreachable code after return statement
JavaScript warning: https://www.google.com/js/th/iVFoLhkJxhTbgXp7MGz6Uw8IeYsKvIgztj8Nn2RZZN8.js line 2 > eval line 6462 > eval line 1 > eval line 1 > eval, line 1: unreachable code after return statement

Build info: version: '2.45.0', revision: '5017cb8e7ca8e37638dc3091b2440b90a1d8686f', time: '2015-02-27 09:10:26'
System info: host: 'DESKTOP-LDPFVSQ', ip: '192.168.100.5', os.name: 'Windows 10', os.arch: 'amd64', os.version: '10.0', java.version: '19.0.1'
Driver info: driver.version: FirefoxDriver
	at org.openqa.selenium.firefox.internal.NewProfileExtensionConnection.start(NewProfileExtensionConnection.java:130)
	at org.openqa.selenium.firefox.FirefoxDriver.startClient(FirefoxDriver.java:246)
	at org.openqa.selenium.remote.RemoteWebDriver.<init>(RemoteWebDriver.java:114)
	at org.openqa.selenium.firefox.FirefoxDriver.<init>(FirefoxDriver.java:191)
	at org.openqa.selenium.firefox.FirefoxDriver.<init>(FirefoxDriver.java:186)
	at org.openqa.selenium.firefox.FirefoxDriver.<init>(FirefoxDriver.java:182)
	at org.openqa.selenium.firefox.FirefoxDriver.<init>(FirefoxDriver.java:95)
	at example.NewTest.beforeTest(NewTest.java:20)
Caused by: org.openqa.selenium.firefox.NotConnectedException: Unable to connect to host 127.0.0.1 on port 7055 after 45000 ms. Firefox console output:
fter return statement
JavaScript warning: https://www.google.com/js/th/iVFoLhkJxhTbgXp7MGz6Uw8IeYsKvIgztj8Nn2RZZN8.js line 2 > eval, line 6462: unreachable code after return statement
JavaScript warning: https://www.google.com/js/th/iVFoLhkJxhTbgXp7MGz6Uw8IeYsKvIgztj8Nn2RZZN8.js line 2 > eval, line 6462: unreachable code after return statement
JavaScript warning: https://www.google.com/js/th/iVFoLhkJxhTbgXp7MGz6Uw8IeYsKvIgztj8Nn2RZZN8.js line 2 > eval, line 1: unreachable code after return statement
JavaScript warning: https://www.google.com/js/th/iVFoLhkJxhTbgXp7MGz6Uw8IeYsKvIgztj8Nn2RZZN8.js line 2 > eval line 6462 > eval, line 1: unreachable code after return statement
JavaScript warning: https://www.google.com/js/th/iVFoLhkJxhTbgXp7MGz6Uw8IeYsKvIgztj8Nn2RZZN8.js line 2 > eval line 6462 > eval, line 1: unreachable code after return statement
JavaScript warning: https://www.google.com/js/th/iVFoLhkJxhTbgXp7MGz6Uw8IeYsKvIgztj8Nn2RZZN8.js line 2 > eval line 6462 > eval line 1 > eval, line 1: unreachable code after return statement
JavaScript warning: https://www.google.com/js/th/iVFoLhkJxhTbgXp7MGz6Uw8IeYsKvIgztj8Nn2RZZN8.js line 2 > eval line 6462 > eval, line 1: unreachable code after return statement
JavaScript warning: https://www.google.com/js/th/iVFoLhkJxhTbgXp7MGz6Uw8IeYsKvIgztj8Nn2RZZN8.js line 2 > eval line 6462 > eval line 1 > eval, line 1: unreachable code after return statement
JavaScript warning: https://www.google.com/js/th/iVFoLhkJxhTbgXp7MGz6Uw8IeYsKvIgztj8Nn2RZZN8.js line 2 > eval line 6462 > eval, line 1: unreachable code after return statement
JavaScript warning: https://www.google.com/js/th/iVFoLhkJxhTbgXp7MGz6Uw8IeYsKvIgztj8Nn2RZZN8.js line 2 > eval line 6462 > eval line 1 > eval, line 1: unreachable code after return statement
JavaScript warning: https://www.google.com/js/th/iVFoLhkJxhTbgXp7MGz6Uw8IeYsKvIgztj8Nn2RZZN8.js line 2 > eval, line 6462: unreachable code after return statement
JavaScript warning: https://www.google.com/js/th/iVFoLhkJxhTbgXp7MGz6Uw8IeYsKvIgztj8Nn2RZZN8.js line 2 > eval, line 6462: unreachable code after return statement
JavaScript warning: https://www.google.com/js/th/iVFoLhkJxhTbgXp7MGz6Uw8IeYsKvIgztj8Nn2RZZN8.js line 2 > eval line 6462 > eval line 1 > eval, line 1: unreachable code after return statement
JavaScript warning: https://www.google.com/js/th/iVFoLhkJxhTbgXp7MGz6Uw8IeYsKvIgztj8Nn2RZZN8.js line 2 > eval line 6462 > eval line 1 > eval, line 1: unreachable code after return statement
JavaScript warning: https://www.google.com/js/th/iVFoLhkJxhTbgXp7MGz6Uw8IeYsKvIgztj8Nn2RZZN8.js line 2 > eval line 6462 > eval line 1 > eval, line 1: unreachable code after return statement
JavaScript warning: https://www.google.com/js/th/iVFoLhkJxhTbgXp7MGz6Uw8IeYsKvIgztj8Nn2RZZN8.js line 2 > eval line 6462 > eval line 1 > eval, line 1: unreachable code after return statement
JavaScript warning: https://www.google.com/js/th/iVFoLhkJxhTbgXp7MGz6Uw8IeYsKvIgztj8Nn2RZZN8.js line 2 > eval line 6462 > eval line 1 > eval, line 1: unreachable code after return statement
JavaScript warning: https://www.google.com/js/th/iVFoLhkJxhTbgXp7MGz6Uw8IeYsKvIgztj8Nn2RZZN8.js line 2 > eval line 6462 > eval line 1 > eval line 1 > eval, line 1: unreachable code after return statement
JavaScript warning: https://www.google.com/js/th/iVFoLhkJxhTbgXp7MGz6Uw8IeYsKvIgztj8Nn2RZZN8.js line 2 > eval line 6462 > eval line 1 > eval line 1 > eval, line 1: unreachable code after return statement
JavaScript warning: https://www.google.com/js/th/iVFoLhkJxhTbgXp7MGz6Uw8IeYsKvIgztj8Nn2RZZN8.js line 2 > eval line 6462 > eval line 1 > eval line 1 > eval, line 1: unreachable code after return statement
JavaScript warning: https://www.google.com/js/th/iVFoLhkJxhTbgXp7MGz6Uw8IeYsKvIgztj8Nn2RZZN8.js line 2 > eval line 6462 > eval line 1 > eval line 1 > eval, line 1: unreachable code after return statement
JavaScript warning: https://www.google.com/js/th/iVFoLhkJxhTbgXp7MGz6Uw8IeYsKvIgztj8Nn2RZZN8.js line 2 > eval line 6462 > eval line 1 > eval line 1 > eval, line 1: unreachable code after return statement

	at org.openqa.selenium.firefox.internal.NewProfileExtensionConnection.start(NewProfileExtensionConnection.java:118)
	... 27 more
... Removed 20 stack frames]]>
    </failure>
  </testcase> <!-- @BeforeTest beforeTest -->
  <testcase classname="example.NewTest" name="@AfterTest afterTest" time="0.0">
    <skipped/>
  </testcase> <!-- @AfterTest afterTest -->
  <testcase classname="example.NewTest" name="testEasy" time="0.001">
    <skipped/>
  </testcase> <!-- testEasy -->
</testsuite> <!-- Test -->
