<?xml version="1.0" encoding="UTF-8"?>
<testng-results total="1" passed="1" failed="0" skipped="0">
  <reporter-output>
  </reporter-output>
  <suite started-at="2026-03-11T13:27:42Z" name="Default suite" finished-at="2026-03-11T13:27:51Z" duration-ms="8368">
    <groups>
    </groups>
    <test started-at="2026-03-11T13:27:42Z" name="Default test" finished-at="2026-03-11T13:27:51Z" duration-ms="8368">
      <class name="example.Task1">
        <test-method signature="testTodosAPI()[pri:0, instance:example.Task1@d737b89]" started-at="2026-03-11T15:27:42Z" name="testTodosAPI" finished-at="2026-03-11T15:27:51Z" duration-ms="8359" status="PASS">
          <reporter-output>
          </reporter-output>
        </test-method> <!-- testTodosAPI -->
      </class> <!-- example.Task1 -->
    </test> <!-- Default test -->
  </suite> <!-- Default suite -->
</testng-results>
