<?xml version="1.0" encoding="UTF-8"?>
<!-- Generated by org.testng.reporters.JUnitReportReporter -->
<testsuite hostname="DESKTOP-LDPFVSQ" failures="0" tests="6" name="example.MyFirstRestAssuredProject" time="3.121" errors="0" timestamp="11 Mar 2026 12:31:37 GMT">
  <testcase classname="example.MyFirstRestAssuredProject" name="getResponseBody" time="1.372"/>
  <testcase classname="example.MyFirstRestAssuredProject" name="getResponseContentType" time="0.292"/>
  <testcase classname="example.MyFirstRestAssuredProject" name="getResponseStatus" time="0.572"/>
  <testcase classname="example.MyFirstRestAssuredProject" name="getResponseHeaders" time="0.283"/>
  <testcase classname="example.MyFirstRestAssuredProject" name="getResponseTime" time="0.283"/>
  <testcase classname="example.MyFirstRestAssuredProject" name="getSpecificPartOfResponseBody" time="0.319"/>
</testsuite> <!-- example.MyFirstRestAssuredProject -->
